#
# A fatal error has been detected by the Java Runtime Environment:
#
#  EXCEPTION_ACCESS_VIOLATION (0xc0000005) at pc=0x00007ffe88554408, pid=20760, tid=18064
#
# JRE version: Java(TM) SE Runtime Environment (23.0.2+7) (build 23.0.2+7-58)
# Java VM: Java HotSpot(TM) 64-Bit Server VM (23.0.2+7-58, mixed mode, emulated-client, sharing, tiered, compressed oops, compressed class ptrs, g1 gc, windows-amd64)
# Problematic frame:
# C  [ntdll.dll+0x4408]
#
# No core dump will be written. Minidumps are not enabled by default on client versions of Windows
#
# If you would like to submit a bug report, please visit:
#   https://bugreport.java.com/bugreport/crash.jsp
# The crash happened outside the Java Virtual Machine in native code.
# See problematic frame for where to report the bug.
#

---------------  S U M M A R Y ------------

Command Line: -XX:TieredStopAtLevel=1 -Dspring.output.ansi.enabled=always -Dcom.sun.management.jmxremote -Dspring.jmx.enabled=true -Dspring.liveBeansView.mbeanDomain -Dspring.application.admin.enabled=true -Dmanagement.endpoints.jmx.exposure.include=* -javaagent:C:\Program Files\JetBrains\IntelliJ IDEA 251.21418.62\lib\idea_rt.jar=52056:C:\Program Files\JetBrains\IntelliJ IDEA 251.21418.62\bin -Dfile.encoding=UTF-8 -Dsun.stdout.encoding=UTF-8 -Dsun.stderr.encoding=UTF-8 org.example.discoveryserver.DiscoveryServerApplication

Host: AMD Ryzen 7 4700U with Radeon Graphics         , 8 cores, 15G,  Windows 10 , 64 bit Build 19041 (10.0.19041.5438)
Time: Sun Mar 16 17:37:20 2025 W. Central Africa Standard Time elapsed time: 9233.116724 seconds (0d 2h 33m 53s)

---------------  T H R E A D  ---------------

Current thread (0x000001c5c0c1b400):  JavaThread "RMI TCP Connection(11)-192.168.112.1" daemon [_thread_in_native, id=18064, stack(0x00000046f6600000,0x00000046f6700000) (1024K)]

Stack: [0x00000046f6600000,0x00000046f6700000],  sp=0x00000046f66fd7e8,  free space=1013k
Native frames: (J=compiled Java code, j=interpreted, Vv=VM code, C=native code)
C  [ntdll.dll+0x4408]  (no source info available)
C  [ntdll.dll+0x2b86b]  (no source info available)
C  [ntdll.dll+0x2b3c7]  (no source info available)
C  [ucrtbase.dll+0xfde6]  (no source info available)
C  [ucrtbase.dll+0x15ef2]  (no source info available)
C  [pdh.dll+0x41bb]  (no source info available)

Java frames: (J=compiled Java code, j=interpreted, Vv=VM code)
J 7748  com.sun.management.internal.OperatingSystemImpl.getProcessCpuLoad0()D jdk.management@23.0.2 (0 bytes) @ 0x000001c5b628ae63 [0x000001c5b628ae20+0x0000000000000043]
J 8042 c1 com.sun.management.internal.OperatingSystemImpl.getProcessCpuLoad()D jdk.management@23.0.2 (5 bytes) @ 0x000001c5b6233be4 [0x000001c5b6233ba0+0x0000000000000044]
J 8218 c1 java.lang.invoke.LambdaForm$MH+0x000001c5c2842800.invoke(Ljava/lang/Object;Ljava/lang/Object;)Ljava/lang/Object; java.base@23.0.2 (60 bytes) @ 0x000001c5b630a49c [0x000001c5b630a3e0+0x00000000000000bc]
J 4329 c1 jdk.internal.reflect.DirectMethodHandleAccessor.invoke(Ljava/lang/Object;[Ljava/lang/Object;)Ljava/lang/Object; java.base@23.0.2 (92 bytes) @ 0x000001c5b5fb4ae4 [0x000001c5b5fb47e0+0x0000000000000304]
J 7252 c1 sun.reflect.misc.MethodUtil.invoke(Ljava/lang/reflect/Method;Ljava/lang/Object;[Ljava/lang/Object;)Ljava/lang/Object; java.base@23.0.2 (127 bytes) @ 0x000001c5b59424c4 [0x000001c5b5941e80+0x0000000000000644]
J 7566 c1 com.sun.jmx.mbeanserver.ConvertingMethod.invokeWithOpenReturn(Ljava/lang/Object;[Ljava/lang/Object;)Ljava/lang/Object; java.management@23.0.2 (90 bytes) @ 0x000001c5b58ec704 [0x000001c5b58ec680+0x0000000000000084]
J 7562 c1 com.sun.jmx.mbeanserver.ConvertingMethod.invokeWithOpenReturn(Lcom/sun/jmx/mbeanserver/MXBeanLookup;Ljava/lang/Object;[Ljava/lang/Object;)Ljava/lang/Object; java.management@23.0.2 (35 bytes) @ 0x000001c5b58edb1c [0x000001c5b58ed920+0x00000000000001fc]
J 7565 c1 com.sun.jmx.mbeanserver.MXBeanIntrospector.invokeM2(Ljava/lang/Object;Ljava/lang/Object;[Ljava/lang/Object;Ljava/lang/Object;)Ljava/lang/Object; java.management@23.0.2 (13 bytes) @ 0x000001c5b58eced4 [0x000001c5b58ece20+0x00000000000000b4]
J 7564 c1 com.sun.jmx.mbeanserver.MBeanIntrospector.invokeM(Ljava/lang/Object;Ljava/lang/Object;[Ljava/lang/Object;Ljava/lang/Object;)Ljava/lang/Object; java.management@23.0.2 (44 bytes) @ 0x000001c5b58ed1ac [0x000001c5b58ed160+0x000000000000004c]
J 7621 c1 com.sun.jmx.mbeanserver.PerInterface.getAttribute(Ljava/lang/Object;Ljava/lang/String;Ljava/lang/Object;)Ljava/lang/Object; java.management@23.0.2 (75 bytes) @ 0x000001c5b633e464 [0x000001c5b633e380+0x00000000000000e4]
J 7654 c1 javax.management.StandardMBean.getAttribute(Ljava/lang/String;)Ljava/lang/Object; java.management@23.0.2 (9 bytes) @ 0x000001c5b62a8e5c [0x000001c5b62a8dc0+0x000000000000009c]
J 7603 c1 com.sun.jmx.interceptor.DefaultMBeanServerInterceptor.getAttribute(Ljavax/management/ObjectName;Ljava/lang/String;)Ljava/lang/Object; java.management@23.0.2 (133 bytes) @ 0x000001c5b6341e3c [0x000001c5b6341a80+0x00000000000003bc]
J 7602 c1 com.sun.jmx.mbeanserver.JmxMBeanServer.getAttribute(Ljavax/management/ObjectName;Ljava/lang/String;)Ljava/lang/Object; java.management@23.0.2 (16 bytes) @ 0x000001c5b58e154c [0x000001c5b58e13e0+0x000000000000016c]
J 7520 c1 javax.management.remote.rmi.RMIConnectionImpl.doOperation(I[Ljava/lang/Object;)Ljava/lang/Object; java.management.rmi@23.0.2 (683 bytes) @ 0x000001c5b58fa30c [0x000001c5b58f95e0+0x0000000000000d2c]
J 7516 c1 javax.management.remote.rmi.RMIConnectionImpl.doPrivilegedOperation(I[Ljava/lang/Object;Ljavax/security/auth/Subject;)Ljava/lang/Object; java.management.rmi@23.0.2 (222 bytes) @ 0x000001c5b58fcc2c [0x000001c5b58fca80+0x00000000000001ac]
J 7601 c1 javax.management.remote.rmi.RMIConnectionImpl.getAttribute(Ljavax/management/ObjectName;Ljava/lang/String;Ljavax/security/auth/Subject;)Ljava/lang/Object; java.management.rmi@23.0.2 (151 bytes) @ 0x000001c5b58e1cac [0x000001c5b58e1980+0x000000000000032c]
J 7733 c1 java.lang.invoke.LambdaForm$MH+0x000001c5c2839400.invoke(Ljava/lang/Object;Ljava/lang/Object;Ljava/lang/Object;Ljava/lang/Object;Ljava/lang/Object;)Ljava/lang/Object; java.base@23.0.2 (104 bytes) @ 0x000001c5b629229c [0x000001c5b62920c0+0x00000000000001dc]
J 4329 c1 jdk.internal.reflect.DirectMethodHandleAccessor.invoke(Ljava/lang/Object;[Ljava/lang/Object;)Ljava/lang/Object; java.base@23.0.2 (92 bytes) @ 0x000001c5b5fb4bbc [0x000001c5b5fb47e0+0x00000000000003dc]
J 7168 c1 sun.rmi.server.UnicastServerRef.dispatch(Ljava/rmi/Remote;Ljava/rmi/server/RemoteCall;)V java.rmi@23.0.2 (492 bytes) @ 0x000001c5b5967b0c [0x000001c5b5967300+0x000000000000080c]
J 7167 c1 sun.rmi.transport.Transport$1.run()Ljava/lang/Void; java.rmi@23.0.2 (30 bytes) @ 0x000001c5b5963984 [0x000001c5b59638c0+0x00000000000000c4]
J 7164 c1 sun.rmi.transport.Transport.serviceCall(Ljava/rmi/server/RemoteCall;)Z java.rmi@23.0.2 (370 bytes) @ 0x000001c5b59651fc [0x000001c5b5964880+0x000000000000097c]
j  sun.rmi.transport.tcp.TCPTransport.handleMessages(Lsun/rmi/transport/Connection;Z)V+145 java.rmi@23.0.2
j  sun.rmi.transport.tcp.TCPTransport$ConnectionHandler.run0()V+522 java.rmi@23.0.2
j  sun.rmi.transport.tcp.TCPTransport$ConnectionHandler.lambda$run$0()Ljava/lang/Void;+1 java.rmi@23.0.2
j  sun.rmi.transport.tcp.TCPTransport$ConnectionHandler$$Lambda+0x000001c5c20a70f8.run()Ljava/lang/Object;+4 java.rmi@23.0.2
J 6477 c1 java.security.AccessController.doPrivileged(Ljava/security/PrivilegedAction;Ljava/security/AccessControlContext;)Ljava/lang/Object; java.base@23.0.2 (17 bytes) @ 0x000001c5b5a5746c [0x000001c5b5a573e0+0x000000000000008c]
j  sun.rmi.transport.tcp.TCPTransport$ConnectionHandler.run()V+37 java.rmi@23.0.2
j  java.util.concurrent.ThreadPoolExecutor.runWorker(Ljava/util/concurrent/ThreadPoolExecutor$Worker;)V+92 java.base@23.0.2
j  java.util.concurrent.ThreadPoolExecutor$Worker.run()V+5 java.base@23.0.2
j  java.lang.Thread.runWith(Ljava/lang/Object;Ljava/lang/Runnable;)V+5 java.base@23.0.2
j  java.lang.Thread.run()V+19 java.base@23.0.2
v  ~StubRoutines::call_stub 0x000001c5b57a0fcd

siginfo: EXCEPTION_ACCESS_VIOLATION (0xc0000005), reading address 0x0000000000000000


Registers:
RAX=0x0000000000000040, RBX=0x0000000000000000, RCX=0x0000000000000000, RDX=0x0000000000000001
RSP=0x00000046f66fd7e8, RBP=0x0000000000000100, RSI=0x0000000000000075, RDI=0x000001c60854a710
R8 =0x0000000000000043, R9 =0x0000000000000000, R10=0x0000000000000000, R11=0xffffffffffffffff
R12=0x0000000000000040, R13=0x000001c5aad999c0, R14=0x00000046f6358000, R15=0x000001c60854a6f0
RIP=0x00007ffe88554408, EFLAGS=0x0000000000010287


Register to memory mapping:

RAX=0x0000000000000040 is an unknown value
RBX=0x0 is null
RCX=0x0 is null
RDX=0x0000000000000001 is an unknown value
RSP=0x00000046f66fd7e8 points into unknown readable memory: 0x00007ffe8857b86b | 6b b8 57 88 fe 7f 00 00
RBP=0x0000000000000100 is an unknown value
RSI=0x0000000000000075 is an unknown value
RDI=0x000001c60854a710 points into unknown readable memory: 0x0000000000000000 | 00 00 00 00 00 00 00 00
R8 =0x0000000000000043 is an unknown value
R9 =0x0 is null
R10=0x0 is null
R11=0xffffffffffffffff is an unknown value
R12=0x0000000000000040 is an unknown value
R13=0x000001c5aad999c0 points into unknown readable memory: 0x000001c5aad90db0 | b0 0d d9 aa c5 01 00 00
R14=0x00000046f6358000 points into unknown readable memory: 0x0000000000000000 | 00 00 00 00 00 00 00 00
R15=0x000001c60854a6f0 points into unknown readable memory: 0x0000000000000000 | 00 00 00 00 00 00 00 00

Top of Stack: (sp=0x00000046f66fd7e8)
0x00000046f66fd7e8:   00007ffe8857b86b 0000000000010007
0x00000046f66fd7f8:   0000000000000075 000001c60823f310
0x00000046f66fd808:   00000046f66fd9d8 0000000000080010
0x00000046f66fd818:   00007ffe8623c1de 0000000000000000
0x00000046f66fd828:   000001c5aad999c0 0000000000008001
0x00000046f66fd838:   000001c5aad90000 000001c5aad902e0
0x00000046f66fd848:   00000046f66fda60 0000000000000100
0x00000046f66fd858:   000001c5aad90db0 0000000000000000
0x00000046f66fd868:   0000000000000000 0000000000000000
0x00000046f66fd878:   0000000000000100 00000000000000f8
0x00000046f66fd888:   0000000000000001 000001c5aae50000
0x00000046f66fd898:   00000046f66fd959 0000000000000010
0x00000046f66fd8a8:   00007ffe8857b3c7 000001c5aad90000
0x00000046f66fd8b8:   00007ffe00000005 00000000000000f8
0x00000046f66fd8c8:   00007ffe00000000 0000000000000000
0x00000046f66fd8d8:   000001c5aad91e00 0000000207e10a10
0x00000046f66fd8e8:   000001c5aad90000 000001c5aad9030c
0x00000046f66fd8f8:   000001c5aae50000 00000000000001b0
0x00000046f66fd908:   0000000000000000 000001c608095458
0x00000046f66fd918:   0000000000000000 0000000000000000
0x00000046f66fd928:   00000000000001b0 0000000000000000
0x00000046f66fd938:   0000000000000000 0000000000000000
0x00000046f66fd948:   0000000000000000 0000000000000000
0x00000046f66fd958:   00007ffe8857b3c7 00000046f66fdb90
0x00000046f66fd968:   00007ffe5f4b1c92 000001c5c0c24330
0x00000046f66fd978:   0000004600000000 0000000000000000
0x00000046f66fd988:   00000046f66fdc38 000001c5c1196048
0x00000046f66fd998:   0000000000000000 00000000000000f8
0x00000046f66fd9a8:   000001c5c09d4d00 00000046f66fdb40
0x00000046f66fd9b8:   00007ffe85d2fde6 0000000000000000
0x00000046f66fd9c8:   00000000000000f8 0000000000000000
0x00000046f66fd9d8:   0000000000000000 00000000000000f8 

Instructions: (pc=0x00007ffe88554408)
0x00007ffe88554308:   0a 00 b9 80 03 fe 7f 44 38 21 0f 85 2d 45 0a 00
0x00007ffe88554318:   49 87 7e 08 4c 8d 1d dd bc ff ff 41 ba ff 00 00
0x00007ffe88554328:   00 48 85 ff 0f 84 a2 fc ff ff e9 3e 45 0a 00 48
0x00007ffe88554338:   85 db 0f 85 44 ff ff ff 49 2b f6 48 83 ee 10 48
0x00007ffe88554348:   c1 fe 03 40 0f b6 c6 66 41 89 86 ae 00 00 00 e9
0x00007ffe88554358:   28 ff ff ff 49 8b 4d 18 41 8b ec 41 0f b7 86 ac
0x00007ffe88554368:   00 00 00 49 8b dc 4c 8b bc c1 a8 04 00 00 49 81
0x00007ffe88554378:   c7 90 00 00 00 49 8b cf e8 2b cd 09 00 45 33 ed
0x00007ffe88554388:   48 8b f0 48 85 c0 0f 85 9d 42 0a 00 45 33 e4 4d
0x00007ffe88554398:   8b c4 e9 90 fd ff ff e8 a4 60 00 00 8b c8 4c 8d
0x00007ffe885543a8:   1d 53 bc ff ff b8 01 00 00 00 ba ff 00 00 00 03
0x00007ffe885543b8:   c1 66 c1 e1 08 66 23 c2 66 0b c1 e9 ee fc ff ff
0x00007ffe885543c8:   cc cc cc cc cc cc cc cc 48 89 5c 24 08 48 89 74
0x00007ffe885543d8:   24 10 48 89 7c 24 18 48 8b 19 49 83 cb ff 44 8b
0x00007ffe885543e8:   d2 48 8b f9 48 8b 49 08 48 83 fb 40 0f 83 2e 29
0x00007ffe885543f8:   0a 00 41 8b c1 4c 8b d1 48 3b d8 73 03 44 8b cb
0x00007ffe88554408:   49 8b 1a 45 0f af c1 41 c1 e8 07 41 83 f9 40 73
0x00007ffe88554418:   21 41 8b c9 48 8b c3 48 f7 d0 41 bb 01 00 00 00
0x00007ffe88554428:   48 0f bc d0 49 d3 e3 44 03 c2 8b ca 49 ff cb 49
0x00007ffe88554438:   d3 e3 48 8b 74 24 10 49 f7 d3 4c 0b db 41 8b c8
0x00007ffe88554448:   49 d3 cb 49 f7 d3 49 0f bc cb 41 03 c8 83 e1 3f
0x00007ffe88554458:   48 0f ab cb 49 89 1a 4c 2b 57 08 48 8b 5c 24 08
0x00007ffe88554468:   48 8b 7c 24 18 49 c1 fa 03 41 c1 e2 06 42 8d 04
0x00007ffe88554478:   11 c3 cc cc cc cc cc cc cc cc cc cc 48 89 5c 24
0x00007ffe88554488:   08 44 89 44 24 18 57 48 83 ec 30 80 7a 11 00 48
0x00007ffe88554498:   8b da 48 8b f9 75 1c 4c 8b c3 ba 00 00 80 00 48
0x00007ffe885544a8:   8b cf e8 b1 02 02 00 48 8b 5c 24 40 48 83 c4 30
0x00007ffe885544b8:   5f c3 cc 8a 4a 10 b8 00 00 0f 00 ba 01 00 00 00
0x00007ffe885544c8:   48 c7 44 24 48 00 10 00 00 44 8b c2 49 d3 e0 48
0x00007ffe885544d8:   8b cf 4c 3b c0 4c 0f 47 c0 0f b7 43 12 49 03 c0
0x00007ffe885544e8:   48 03 c3 48 89 44 24 58 e8 3f a9 00 00 44 8b c8
0x00007ffe885544f8:   4c 8d 44 24 48 48 8d 44 24 50 48 83 c9 ff 48 8d 


Stack slot to memory mapping:

stack at sp + 0 slots: 0x00007ffe8857b86b ntdll.dll
stack at sp + 1 slots: 0x0000000000010007 is an unknown value
stack at sp + 2 slots: 0x0000000000000075 is an unknown value
stack at sp + 3 slots: 0x000001c60823f310 points into unknown readable memory: 0x000001c5aad999c0 | c0 99 d9 aa c5 01 00 00
stack at sp + 4 slots: 0x00000046f66fd9d8 points into unknown readable memory: 0x0000000000000000 | 00 00 00 00 00 00 00 00
stack at sp + 5 slots: 0x0000000000080010 is an unknown value
stack at sp + 6 slots: 0x00007ffe8623c1de KERNELBASE.dll
stack at sp + 7 slots: 0x0 is null

Lock stack of current Java thread (top to bottom):


Compiled method (n/a) 9233171 7748     n 0       com.sun.management.internal.OperatingSystemImpl::getProcessCpuLoad0 (native)
 total in heap  [0x000001c5b628ad08,0x000001c5b628b038] = 816
 relocation     [0x000001c5b628ade0,0x000001c5b628ae10] = 48
 main code      [0x000001c5b628ae20,0x000001c5b628b038] = 536

[Constant Pool (empty)]

[MachCode]
[Entry Point]
  # {method} {0x000001c6021efc48} 'getProcessCpuLoad0' '()D' in 'com/sun/management/internal/OperatingSystemImpl'
  #           [sp+0x70]  (sp of caller)
  0x000001c5b628ae20: 6690 448b | 5208 443b 

  0x000001c5b628ae28: ;   {runtime_call ic_miss_stub}
  0x000001c5b628ae28: 5008 0f85 | b036 56ff 
[Verified Entry Point]
  0x000001c5b628ae30: 8984 2400 | 80ff ff55 | 488b ec48 | 83ec 6090 | 4181 7f20 | 0900 0000 

  0x000001c5b628ae48: ;   {runtime_call StubRoutines (final stubs)}
  0x000001c5b628ae48: 7405 e8f1 | c854 ff48 | 8954 2420 | 4883 fa00 | 488d 5424 | 2048 0f44 | 5424 20c5 

  0x000001c5b628ae64: ;   {internal_word}
  0x000001c5b628ae64: f877 49ba | 63ae 28b6 | c501 0000 | 4d89 97a8 | 0300 0049 | 89a7 a003 

  0x000001c5b628ae7c: ;   {external_word}
  0x000001c5b628ae7c: 0000 49ba | 41bd bf1b | fe7f 0000 | 4180 3a00 | 0f84 4600 

  0x000001c5b628ae90: ;   {metadata({method} {0x000001c6021efc48} 'getProcessCpuLoad0' '()D' in 'com/sun/management/internal/OperatingSystemImpl')}
  0x000001c5b628ae90: 0000 5248 | ba40 fc1e | 02c6 0100 | 0049 8bcf | 4883 ec20 | 40f6 c40f | 0f84 1900 | 0000 4883 
  0x000001c5b628aeb0: ;   {runtime_call}
  0x000001c5b628aeb0: ec08 48b8 | f0f0 6f1b | fe7f 0000 | ffd0 4883 | c408 e90c 

  0x000001c5b628aec4: ;   {runtime_call}
  0x000001c5b628aec4: 0000 0048 | b8f0 f06f | 1bfe 7f00 | 00ff d048 | 83c4 205a | 498d 8fc0 | 0300 0041 | c787 4404 
  0x000001c5b628aee4: 0000 0400 

  0x000001c5b628aee8: ;   {runtime_call}
  0x000001c5b628aee8: 0000 48b8 | c821 2726 | fe7f 0000 | ffd0 c5f8 | 7741 c787 | 4404 0000 | 0500 0000 | f083 4424 
  0x000001c5b628af08: c000 493b | af48 0400 | 000f 870e | 0000 0041 | 83bf 4004 | 0000 000f | 842d 0000 | 00c5 f877 
  0x000001c5b628af28: c5fb 1145 | f849 8bcf | 4c8b e448 | 83ec 2048 

  0x000001c5b628af38: ;   {runtime_call}
  0x000001c5b628af38: 83e4 f048 | b880 ab39 | 1bfe 7f00 | 00ff d049 | 8be4 4d33 | e4c5 fb10 | 45f8 41c7 | 8744 0400 
  0x000001c5b628af58: 0008 0000 | 0041 83bf | c804 0000 | 020f 849e 

  0x000001c5b628af68: ;   {external_word}
  0x000001c5b628af68: 0000 0049 | ba41 bdbf | 1bfe 7f00 | 0041 803a | 000f 844e | 0000 00c5 | fb11 45f8 

  0x000001c5b628af84: ;   {metadata({method} {0x000001c6021efc48} 'getProcessCpuLoad0' '()D' in 'com/sun/management/internal/OperatingSystemImpl')}
  0x000001c5b628af84: 48ba 40fc | 1e02 c601 | 0000 498b | cf48 83ec | 2040 f6c4 | 0f0f 8419 | 0000 0048 

  0x000001c5b628afa0: ;   {runtime_call}
  0x000001c5b628afa0: 83ec 0848 | b8f0 f06f | 1bfe 7f00 | 00ff d048 | 83c4 08e9 | 0c00 0000 

  0x000001c5b628afb8: ;   {runtime_call}
  0x000001c5b628afb8: 48b8 f0f0 | 6f1b fe7f | 0000 ffd0 | 4883 c420 | c5fb 1045 | f849 c787 | a003 0000 | 0000 0000 
  0x000001c5b628afd8: 49c7 87a8 | 0300 0000 | 0000 00c5 | f877 498b | 8f30 0400 | 00c7 8100 | 0100 0000 | 0000 00c9 
  0x000001c5b628aff8: 4983 7f08 | 000f 8501 | 0000 00c3 

  0x000001c5b628b004: ;   {runtime_call StubRoutines (initial stubs)}
  0x000001c5b628b004: e9b7 5e51 | ffc5 f877 | c5fb 1145 | f84c 8be4 | 4883 ec20 | 4883 e4f0 

  0x000001c5b628b01c: ;   {runtime_call}
  0x000001c5b628b01c: 48b8 a025 | 701b fe7f | 0000 ffd0 | 498b e44d | 33e4 c5fb | 1045 f8e9 | 33ff ffff 
[/MachCode]


Compiled method (c1) 9233177 8042       1       com.sun.management.internal.OperatingSystemImpl::getProcessCpuLoad (5 bytes)
 total in heap  [0x000001c5b6233a88,0x000001c5b6233c90] = 520
 relocation     [0x000001c5b6233b60,0x000001c5b6233b98] = 56
 main code      [0x000001c5b6233ba0,0x000001c5b6233c40] = 160
 stub code      [0x000001c5b6233c40,0x000001c5b6233c80] = 64
 metadata       [0x000001c5b6233c80,0x000001c5b6233c90] = 16
 immutable data [0x000001c607189c10,0x000001c607189c58] = 72
 dependencies   [0x000001c607189c10,0x000001c607189c18] = 8
 scopes pcs     [0x000001c607189c18,0x000001c607189c48] = 48
 scopes data    [0x000001c607189c48,0x000001c607189c58] = 16

[Constant Pool (empty)]

[MachCode]
[Instructions begin]
  0x000001c5b6233ba0: 660f 1f84 | 0000 0000 | 0066 0f1f | 8400 0000 | 0000 448b | 5208 443b 

  0x000001c5b6233bb8: ;   {runtime_call ic_miss_stub}
  0x000001c5b6233bb8: 5008 0f85 | 20a9 5bff 
[Verified Entry Point]
  0x000001c5b6233bc0: 8984 2400 | 80ff ff55 | 4883 ec20 | 4181 7f20 | 0900 0000 

  0x000001c5b6233bd4: ;   {runtime_call StubRoutines (final stubs)}
  0x000001c5b6233bd4: 7405 e865 | 3b5a ff0f 

  0x000001c5b6233bdc: ;   {optimized virtual_call}
  0x000001c5b6233bdc: 1f40 00e8 

  0x000001c5b6233be0: ; ImmutableOopMap {}
                      ;*invokevirtual getProcessCpuLoad0 {reexecute=0 rethrow=0 return_oop=0}
                      ; - com.sun.management.internal.OperatingSystemImpl::getProcessCpuLoad@1 (line 89)
  0x000001c5b6233be0: 4c72 0500 

  0x000001c5b6233be4: ;   {other}
  0x000001c5b6233be4: 0f1f 8400 | 5c01 0000 | 4883 c420 

  0x000001c5b6233bf0: ;   {poll_return}
  0x000001c5b6233bf0: 5d49 3ba7 | 4804 0000 | 0f87 0100 

  0x000001c5b6233bfc: ;   {internal_word}
  0x000001c5b6233bfc: 0000 c349 | baf1 3b23 | b6c5 0100 | 004d 8997 | 6004 0000 

  0x000001c5b6233c10: ;   {runtime_call SafepointBlob}
  0x000001c5b6233c10: e9cb 175c | ff49 8b87 | 0005 0000 | 49c7 8700 | 0500 0000 | 0000 0049 | c787 0805 | 0000 0000 
  0x000001c5b6233c30: 0000 4883 

  0x000001c5b6233c34: ;   {runtime_call unwind_exception Runtime1 stub}
  0x000001c5b6233c34: c420 5de9 | 2498 66ff | f4f4 f4f4 
[Stub Code]
  0x000001c5b6233c40: ;   {no_reloc}
  0x000001c5b6233c40: 48bb 0000 | 0000 0000 

  0x000001c5b6233c48: ;   {runtime_call nmethod}
  0x000001c5b6233c48: 0000 e9fb 

  0x000001c5b6233c4c: ;   {runtime_call handle_exception_from_callee Runtime1 stub}
  0x000001c5b6233c4c: ffff ffe8 | 8cdb 66ff 

  0x000001c5b6233c54: ;   {external_word}
  0x000001c5b6233c54: 48b9 40e5 | 971b fe7f | 0000 4883 

  0x000001c5b6233c60: ;   {runtime_call}
  0x000001c5b6233c60: e4f0 48b8 | 504d 5e1b | fe7f 0000 

  0x000001c5b6233c6c: ;   {section_word}
  0x000001c5b6233c6c: ffd0 f449 | ba6f 3c23 | b6c5 0100 

  0x000001c5b6233c78: ;   {runtime_call DeoptimizationBlob}
  0x000001c5b6233c78: 0041 52e9 | 000a 5cff 
[/MachCode]


Compiled method (c1) 9233180 8218       1       java.lang.invoke.LambdaForm$MH/0x000001c5c2842800::invoke (60 bytes)
 total in heap  [0x000001c5b630a288,0x000001c5b630a750] = 1224
 relocation     [0x000001c5b630a360,0x000001c5b630a3d8] = 120
 main code      [0x000001c5b630a3e0,0x000001c5b630a608] = 552
 stub code      [0x000001c5b630a608,0x000001c5b630a688] = 128
 oops           [0x000001c5b630a688,0x000001c5b630a6b8] = 48
 metadata       [0x000001c5b630a6b8,0x000001c5b630a750] = 152
 immutable data [0x000001c6067ed860,0x000001c6067ed9a0] = 320
 dependencies   [0x000001c6067ed860,0x000001c6067ed880] = 32
 scopes pcs     [0x000001c6067ed880,0x000001c6067ed900] = 128
 scopes data    [0x000001c6067ed900,0x000001c6067ed9a0] = 160

[Constant Pool (empty)]

[MachCode]
[Verified Entry Point]
  # {method} {0x000001c604d8a768} 'invoke' '(Ljava/lang/Object;Ljava/lang/Object;)Ljava/lang/Object;' in 'java/lang/invoke/LambdaForm$MH+0x000001c5c2842800'
  # parm0:    rdx:rdx   = 'java/lang/Object'
  # parm1:    r8:r8     = 'java/lang/Object'
  #           [sp+0xe0]  (sp of caller)
  0x000001c5b630a3e0: 8984 2400 | 80ff ff55 | 4881 ecd0 | 0000 0090 | 4181 7f20 | 0900 0000 

  0x000001c5b630a3f8: ;   {runtime_call StubRoutines (final stubs)}
  0x000001c5b630a3f8: 7405 e841 | d34c ff4d | 85c0 0f84 | 5f00 0000 | 4d85 c00f | 8444 0000 

  0x000001c5b630a410: ;   {metadata('com/sun/management/OperatingSystemMXBean')}
  0x000001c5b630a410: 0048 bb80 | a507 c2c5 | 0100 0041 | 8b78 0849 | ba00 0000 | c1c5 0100 | 0049 03fa | 483b 5f20 
  0x000001c5b630a430: 0f84 2400 | 0000 483b | fb0f 841b | 0000 0057 

  0x000001c5b630a440: ;   {runtime_call slow_subtype_check Runtime1 stub}
  0x000001c5b630a440: 53e8 fa8c | 59ff 5f5f | 85ff 0f84 | 0500 0000 | e905 0000 | 0048 33d2 | eb05 ba01 | 0000 0085 
  0x000001c5b630a460: d20f 84a8 

  0x000001c5b630a464: ;   {oop(a 'java/lang/invoke/DirectMethodHandle$Interface'{0x000000070aad7cb8})}
  0x000001c5b630a464: 0000 0048 | bab8 7cad | 0a07 0000 | 0066 0f1f 

  0x000001c5b630a474: ;   {optimized virtual_call}
  0x000001c5b630a474: 4400 00e8 

  0x000001c5b630a478: ; ImmutableOopMap {}
                      ;*invokevirtual checkReceiver {reexecute=0 rethrow=0 return_oop=0}
                      ; - java.lang.invoke.LambdaForm$DMH/0x000001c5c20dbc00::invokeInterface@12
                      ; - java.lang.invoke.LambdaForm$MH/0x000001c5c2842800::invoke